project/Eyepetizer/feature/login/build/intermediates/manifest_merge_blame_file/debug/processDebugManifest/manifest-merger-blame-debug-report.txt
1<?xml version="1.0" encoding="utf-8"?>
2<manifest xmlns:android="http://schemas.android.com/apk/res/android"
3    package="com.example.login" >
4
5    <uses-sdk android:minSdkVersion="24" />
5-->INJECTED
5-->INJECTED
6
7    <application
7-->src\main\AndroidManifest.xml:4:5-23:19
8        android:allowBackup="true"
8-->src\main\AndroidManifest.xml:5:9-35
9        android:icon="@mipmap/ic_launcher"
9-->src\main\AndroidManifest.xml:6:9-43
10        android:label="@string/app_name"
10-->src\main\AndroidManifest.xml:7:9-41
11        android:roundIcon="@mipmap/ic_launcher_round"
11-->src\main\AndroidManifest.xml:8:9-54
12        android:supportsRtl="true"
12-->src\main\AndroidManifest.xml:9:9-35
13        android:theme="@style/Theme.Eyepetizer" >
13-->src\main\AndroidManifest.xml:10:9-48
14        <activity
14-->src\main\AndroidManifest.xml:11:9-22:20
15            android:name="com.example.login.LoginActivity"
15-->src\main\AndroidManifest.xml:12:13-42
16            android:exported="true"
16-->src\main\AndroidManifest.xml:13:13-36
17            android:label="@string/app_name"
17-->src\main\AndroidManifest.xml:14:13-45
18            android:theme="@style/Theme.Eyepetizer"
18-->src\main\AndroidManifest.xml:15:13-52
19            android:windowSoftInputMode="adjustResize" >
19-->src\main\AndroidManifest.xml:16:13-55
20            <intent-filter>
20-->src\main\AndroidManifest.xml:17:13-21:29
21                <action android:name="android.intent.action.MAIN" />
21-->src\main\AndroidManifest.xml:18:17-69
21-->src\main\AndroidManifest.xml:18:25-66
22
23                <category android:name="android.intent.category.LAUNCHER" />
23-->src\main\AndroidManifest.xml:20:17-77
23-->src\main\AndroidManifest.xml:20:27-74
24            </intent-filter>
25        </activity>
26    </application>
27
28</manifest>